{"/Users/ulises/Developer/Scora-app/src/config.ts": {"path":"/Users/ulises/Developer/Scora-app/src/config.ts","statementMap":{"0":{"start":{"line":6,"column":29},"end":{"line":15,"column":null}}},"fnMap":{},"branchMap":{"0":{"loc":{"start":{"line":9,"column":15},"end":{"line":9,"column":null}},"type":"binary-expr","locations":[{"start":{"line":9,"column":15},"end":{"line":9,"column":56}},{"start":{"line":9,"column":56},"end":{"line":9,"column":null}}],"line":9},"1":{"loc":{"start":{"line":10,"column":19},"end":{"line":10,"column":null}},"type":"binary-expr","locations":[{"start":{"line":10,"column":19},"end":{"line":10,"column":64}},{"start":{"line":10,"column":64},"end":{"line":10,"column":null}}],"line":10},"2":{"loc":{"start":{"line":14,"column":18},"end":{"line":14,"column":null}},"type":"cond-expr","locations":[{"start":{"line":14,"column":50},"end":{"line":14,"column":75}},{"start":{"line":14,"column":75},"end":{"line":14,"column":null}}],"line":14}},"s":{"0":1},"f":{},"b":{"0":[1,1],"1":[1,1],"2":[1,0]},"meta":{"lastBranch":3,"lastFunction":0,"lastStatement":1,"seen":{"s:6:29:15:Infinity":0,"b:9:15:9:56:9:56:9:Infinity":0,"b:10:19:10:64:10:64:10:Infinity":1,"b:14:50:14:75:14:75:14:Infinity":2}}}
,"/Users/ulises/Developer/Scora-app/src/api/strava.ts": {"path":"/Users/ulises/Developer/Scora-app/src/api/strava.ts","statementMap":{"0":{"start":{"line":7,"column":18},"end":{"line":7,"column":null}},"1":{"start":{"line":8,"column":22},"end":{"line":8,"column":null}},"2":{"start":{"line":9,"column":21},"end":{"line":9,"column":null}},"3":{"start":{"line":14,"column":4},"end":{"line":14,"column":null}},"4":{"start":{"line":19,"column":16},"end":{"line":19,"column":null}},"5":{"start":{"line":20,"column":21},"end":{"line":29,"column":null}},"6":{"start":{"line":30,"column":17},"end":{"line":30,"column":null}},"7":{"start":{"line":31,"column":4},"end":{"line":31,"column":null}},"8":{"start":{"line":36,"column":16},"end":{"line":36,"column":null}},"9":{"start":{"line":37,"column":21},"end":{"line":46,"column":null}},"10":{"start":{"line":47,"column":17},"end":{"line":47,"column":null}},"11":{"start":{"line":48,"column":4},"end":{"line":48,"column":null}},"12":{"start":{"line":54,"column":23},"end":{"line":54,"column":null}},"13":{"start":{"line":55,"column":4},"end":{"line":65,"column":null}},"14":{"start":{"line":56,"column":8},"end":{"line":64,"column":null}},"15":{"start":{"line":57,"column":31},"end":{"line":57,"column":null}},"16":{"start":{"line":58,"column":12},"end":{"line":61,"column":null}},"17":{"start":{"line":59,"column":16},"end":{"line":59,"column":null}},"18":{"start":{"line":60,"column":16},"end":{"line":60,"column":null}},"19":{"start":{"line":63,"column":12},"end":{"line":63,"column":null}},"20":{"start":{"line":67,"column":16},"end":{"line":67,"column":null}},"21":{"start":{"line":68,"column":21},"end":{"line":71,"column":null}},"22":{"start":{"line":73,"column":4},"end":{"line":78,"column":null}},"23":{"start":{"line":74,"column":8},"end":{"line":76,"column":null}},"24":{"start":{"line":75,"column":12},"end":{"line":75,"column":null}},"25":{"start":{"line":77,"column":8},"end":{"line":77,"column":null}},"26":{"start":{"line":80,"column":17},"end":{"line":80,"column":null}},"27":{"start":{"line":83,"column":4},"end":{"line":89,"column":null}},"28":{"start":{"line":84,"column":8},"end":{"line":84,"column":null}},"29":{"start":{"line":85,"column":8},"end":{"line":87,"column":null}},"30":{"start":{"line":86,"column":12},"end":{"line":86,"column":null}},"31":{"start":{"line":88,"column":8},"end":{"line":88,"column":null}},"32":{"start":{"line":91,"column":4},"end":{"line":91,"column":null}},"33":{"start":{"line":96,"column":39},"end":{"line":101,"column":null}},"34":{"start":{"line":102,"column":14},"end":{"line":102,"column":null}},"35":{"start":{"line":103,"column":14},"end":{"line":103,"column":null}},"36":{"start":{"line":104,"column":4},"end":{"line":104,"column":null}},"37":{"start":{"line":106,"column":4},"end":{"line":126,"column":null}},"38":{"start":{"line":107,"column":25},"end":{"line":107,"column":null}},"39":{"start":{"line":108,"column":14},"end":{"line":108,"column":null}},"40":{"start":{"line":109,"column":8},"end":{"line":109,"column":null}},"41":{"start":{"line":110,"column":8},"end":{"line":110,"column":null}},"42":{"start":{"line":112,"column":8},"end":{"line":112,"column":null}},"43":{"start":{"line":113,"column":8},"end":{"line":113,"column":null}},"44":{"start":{"line":115,"column":8},"end":{"line":115,"column":null}},"45":{"start":{"line":117,"column":8},"end":{"line":117,"column":null}},"46":{"start":{"line":119,"column":8},"end":{"line":119,"column":null}},"47":{"start":{"line":120,"column":8},"end":{"line":120,"column":null}},"48":{"start":{"line":121,"column":8},"end":{"line":121,"column":null}},"49":{"start":{"line":123,"column":8},"end":{"line":123,"column":null}},"50":{"start":{"line":124,"column":8},"end":{"line":124,"column":null}},"51":{"start":{"line":125,"column":8},"end":{"line":125,"column":null}},"52":{"start":{"line":127,"column":4},"end":{"line":127,"column":null}},"53":{"start":{"line":128,"column":4},"end":{"line":128,"column":null}}},"fnMap":{"0":{"name":"getStravaLoginUrl","decl":{"start":{"line":12,"column":16},"end":{"line":12,"column":36}},"loc":{"start":{"line":12,"column":36},"end":{"line":15,"column":null}},"line":12},"1":{"name":"exchangeToken","decl":{"start":{"line":18,"column":22},"end":{"line":18,"column":36}},"loc":{"start":{"line":18,"column":42},"end":{"line":32,"column":null}},"line":18},"2":{"name":"refreshStravaToken","decl":{"start":{"line":35,"column":22},"end":{"line":35,"column":41}},"loc":{"start":{"line":35,"column":55},"end":{"line":49,"column":null}},"line":35},"3":{"name":"fetchStravaActivities","decl":{"start":{"line":52,"column":22},"end":{"line":52,"column":44}},"loc":{"start":{"line":52,"column":51},"end":{"line":92,"column":null}},"line":52},"4":{"name":"formatActivityStats","decl":{"start":{"line":95,"column":16},"end":{"line":95,"column":36}},"loc":{"start":{"line":95,"column":46},"end":{"line":129,"column":null}},"line":95}},"branchMap":{"0":{"loc":{"start":{"line":55,"column":4},"end":{"line":65,"column":null}},"type":"if","locations":[{"start":{"line":55,"column":4},"end":{"line":65,"column":null}},{"start":{},"end":{}}],"line":55},"1":{"loc":{"start":{"line":58,"column":12},"end":{"line":61,"column":null}},"type":"if","locations":[{"start":{"line":58,"column":12},"end":{"line":61,"column":null}},{"start":{},"end":{}}],"line":58},"2":{"loc":{"start":{"line":58,"column":16},"end":{"line":58,"column":68}},"type":"binary-expr","locations":[{"start":{"line":58,"column":16},"end":{"line":58,"column":45}},{"start":{"line":58,"column":45},"end":{"line":58,"column":68}}],"line":58},"3":{"loc":{"start":{"line":73,"column":4},"end":{"line":78,"column":null}},"type":"if","locations":[{"start":{"line":73,"column":4},"end":{"line":78,"column":null}},{"start":{},"end":{}}],"line":73},"4":{"loc":{"start":{"line":74,"column":8},"end":{"line":76,"column":null}},"type":"if","locations":[{"start":{"line":74,"column":8},"end":{"line":76,"column":null}},{"start":{},"end":{}}],"line":74},"5":{"loc":{"start":{"line":83,"column":4},"end":{"line":89,"column":null}},"type":"if","locations":[{"start":{"line":83,"column":4},"end":{"line":89,"column":null}},{"start":{},"end":{}}],"line":83},"6":{"loc":{"start":{"line":85,"column":8},"end":{"line":87,"column":null}},"type":"if","locations":[{"start":{"line":85,"column":8},"end":{"line":87,"column":null}},{"start":{},"end":{}}],"line":85},"7":{"loc":{"start":{"line":100,"column":18},"end":{"line":100,"column":null}},"type":"binary-expr","locations":[{"start":{"line":100,"column":18},"end":{"line":100,"column":52}},{"start":{"line":100,"column":52},"end":{"line":100,"column":null}}],"line":100},"8":{"loc":{"start":{"line":104,"column":20},"end":{"line":104,"column":null}},"type":"cond-expr","locations":[{"start":{"line":104,"column":28},"end":{"line":104,"column":44}},{"start":{"line":104,"column":44},"end":{"line":104,"column":null}}],"line":104},"9":{"loc":{"start":{"line":106,"column":4},"end":{"line":126,"column":null}},"type":"if","locations":[{"start":{"line":106,"column":4},"end":{"line":126,"column":null}},{"start":{"line":118,"column":11},"end":{"line":126,"column":null}}],"line":106},"10":{"loc":{"start":{"line":124,"column":25},"end":{"line":124,"column":null}},"type":"cond-expr","locations":[{"start":{"line":124,"column":50},"end":{"line":124,"column":84}},{"start":{"line":124,"column":84},"end":{"line":124,"column":null}}],"line":124}},"s":{"0":1,"1":1,"2":1,"3":0,"4":0,"5":0,"6":0,"7":0,"8":0,"9":0,"10":0,"11":0,"12":0,"13":0,"14":0,"15":0,"16":0,"17":0,"18":0,"19":0,"20":0,"21":0,"22":0,"23":0,"24":0,"25":0,"26":0,"27":0,"28":0,"29":0,"30":0,"31":0,"32":0,"33":3,"34":3,"35":3,"36":3,"37":3,"38":1,"39":1,"40":1,"41":1,"42":1,"43":1,"44":1,"45":1,"46":2,"47":2,"48":2,"49":2,"50":2,"51":2,"52":3,"53":0},"f":{"0":0,"1":0,"2":0,"3":0,"4":3},"b":{"0":[0,0],"1":[0,0],"2":[0,0],"3":[0,0],"4":[0,0],"5":[0,0],"6":[0,0],"7":[3,2],"8":[2,1],"9":[1,2],"10":[1,1]},"meta":{"lastBranch":11,"lastFunction":5,"lastStatement":54,"seen":{"s:7:18:7:Infinity":0,"s:8:22:8:Infinity":1,"s:9:21:9:Infinity":2,"f:12:16:12:36":0,"s:14:4:14:Infinity":3,"f:18:22:18:36":1,"s:19:16:19:Infinity":4,"s:20:21:29:Infinity":5,"s:30:17:30:Infinity":6,"s:31:4:31:Infinity":7,"f:35:22:35:41":2,"s:36:16:36:Infinity":8,"s:37:21:46:Infinity":9,"s:47:17:47:Infinity":10,"s:48:4:48:Infinity":11,"f:52:22:52:44":3,"s:54:23:54:Infinity":12,"b:55:4:65:Infinity:undefined:undefined:undefined:undefined":0,"s:55:4:65:Infinity":13,"s:56:8:64:Infinity":14,"s:57:31:57:Infinity":15,"b:58:12:61:Infinity:undefined:undefined:undefined:undefined":1,"s:58:12:61:Infinity":16,"b:58:16:58:45:58:45:58:68":2,"s:59:16:59:Infinity":17,"s:60:16:60:Infinity":18,"s:63:12:63:Infinity":19,"s:67:16:67:Infinity":20,"s:68:21:71:Infinity":21,"b:73:4:78:Infinity:undefined:undefined:undefined:undefined":3,"s:73:4:78:Infinity":22,"b:74:8:76:Infinity:undefined:undefined:undefined:undefined":4,"s:74:8:76:Infinity":23,"s:75:12:75:Infinity":24,"s:77:8:77:Infinity":25,"s:80:17:80:Infinity":26,"b:83:4:89:Infinity:undefined:undefined:undefined:undefined":5,"s:83:4:89:Infinity":27,"s:84:8:84:Infinity":28,"b:85:8:87:Infinity:undefined:undefined:undefined:undefined":6,"s:85:8:87:Infinity":29,"s:86:12:86:Infinity":30,"s:88:8:88:Infinity":31,"s:91:4:91:Infinity":32,"f:95:16:95:36":4,"s:96:39:101:Infinity":33,"b:100:18:100:52:100:52:100:Infinity":7,"s:102:14:102:Infinity":34,"s:103:14:103:Infinity":35,"s:104:4:104:Infinity":36,"b:104:28:104:44:104:44:104:Infinity":8,"b:106:4:126:Infinity:118:11:126:Infinity":9,"s:106:4:126:Infinity":37,"s:107:25:107:Infinity":38,"s:108:14:108:Infinity":39,"s:109:8:109:Infinity":40,"s:110:8:110:Infinity":41,"s:112:8:112:Infinity":42,"s:113:8:113:Infinity":43,"s:115:8:115:Infinity":44,"s:117:8:117:Infinity":45,"s:119:8:119:Infinity":46,"s:120:8:120:Infinity":47,"s:121:8:121:Infinity":48,"s:123:8:123:Infinity":49,"s:124:8:124:Infinity":50,"b:124:50:124:84:124:84:124:Infinity":10,"s:125:8:125:Infinity":51,"s:127:4:127:Infinity":52,"s:128:4:128:Infinity":53}}}
,"/Users/ulises/Developer/Scora-app/src/components/ActivityCard.ts": {"path":"/Users/ulises/Developer/Scora-app/src/components/ActivityCard.ts","statementMap":{"0":{"start":{"line":2,"column":17},"end":{"line":2,"column":null}},"1":{"start":{"line":3,"column":4},"end":{"line":3,"column":null}},"2":{"start":{"line":4,"column":4},"end":{"line":7,"column":null}},"3":{"start":{"line":12,"column":4},"end":{"line":12,"column":null}},"4":{"start":{"line":13,"column":4},"end":{"line":13,"column":null}}},"fnMap":{"0":{"name":"createActivityCard","decl":{"start":{"line":1,"column":16},"end":{"line":1,"column":35}},"loc":{"start":{"line":1,"column":68},"end":{"line":14,"column":null}},"line":1}},"branchMap":{},"s":{"0":2,"1":2,"2":2,"3":2,"4":2},"f":{"0":2},"b":{},"meta":{"lastBranch":0,"lastFunction":1,"lastStatement":5,"seen":{"f:1:16:1:35":0,"s:2:17:2:Infinity":0,"s:3:4:3:Infinity":1,"s:4:4:7:Infinity":2,"s:12:4:12:Infinity":3,"s:13:4:13:Infinity":4}}}
,"/Users/ulises/Developer/Scora-app/src/components/Loader.ts": {"path":"/Users/ulises/Developer/Scora-app/src/components/Loader.ts","statementMap":{"0":{"start":{"line":2,"column":26},"end":{"line":2,"column":null}},"1":{"start":{"line":3,"column":4},"end":{"line":6,"column":null}},"2":{"start":{"line":4,"column":8},"end":{"line":4,"column":null}},"3":{"start":{"line":5,"column":8},"end":{"line":5,"column":null}},"4":{"start":{"line":5,"column":25},"end":{"line":5,"column":49}}},"fnMap":{"0":{"name":"removeLoader","decl":{"start":{"line":1,"column":16},"end":{"line":1,"column":31}},"loc":{"start":{"line":1,"column":31},"end":{"line":7,"column":null}},"line":1},"1":{"name":"(anonymous_1)","decl":{"start":{"line":5,"column":19},"end":{"line":5,"column":25}},"loc":{"start":{"line":5,"column":25},"end":{"line":5,"column":49}},"line":5}},"branchMap":{"0":{"loc":{"start":{"line":3,"column":4},"end":{"line":6,"column":null}},"type":"if","locations":[{"start":{"line":3,"column":4},"end":{"line":6,"column":null}},{"start":{},"end":{}}],"line":3}},"s":{"0":2,"1":2,"2":1,"3":1,"4":1},"f":{"0":2,"1":1},"b":{"0":[1,1]},"meta":{"lastBranch":1,"lastFunction":2,"lastStatement":5,"seen":{"f:1:16:1:31":0,"s:2:26:2:Infinity":0,"b:3:4:6:Infinity:undefined:undefined:undefined:undefined":0,"s:3:4:6:Infinity":1,"s:4:8:4:Infinity":2,"s:5:8:5:Infinity":3,"f:5:19:5:25":1,"s:5:25:5:49":4}}}
,"/Users/ulises/Developer/Scora-app/src/features/editor/TemplateManager.ts": {"path":"/Users/ulises/Developer/Scora-app/src/features/editor/TemplateManager.ts","statementMap":{"0":{"start":{"line":4,"column":26},"end":{"line":4,"column":null}},"1":{"start":{"line":5,"column":27},"end":{"line":5,"column":null}},"2":{"start":{"line":8,"column":4},"end":{"line":17,"column":null}},"3":{"start":{"line":9,"column":8},"end":{"line":16,"column":null}},"4":{"start":{"line":10,"column":12},"end":{"line":10,"column":null}},"5":{"start":{"line":11,"column":27},"end":{"line":11,"column":null}},"6":{"start":{"line":12,"column":12},"end":{"line":12,"column":null}},"7":{"start":{"line":14,"column":12},"end":{"line":14,"column":null}},"8":{"start":{"line":15,"column":12},"end":{"line":15,"column":null}},"9":{"start":{"line":20,"column":28},"end":{"line":20,"column":null}},"10":{"start":{"line":21,"column":4},"end":{"line":26,"column":null}},"11":{"start":{"line":22,"column":8},"end":{"line":25,"column":null}},"12":{"start":{"line":23,"column":12},"end":{"line":23,"column":null}},"13":{"start":{"line":24,"column":12},"end":{"line":24,"column":null}},"14":{"start":{"line":28,"column":4},"end":{"line":41,"column":null}},"15":{"start":{"line":29,"column":25},"end":{"line":29,"column":49}},"16":{"start":{"line":30,"column":22},"end":{"line":30,"column":47}},"17":{"start":{"line":32,"column":12},"end":{"line":32,"column":null}},"18":{"start":{"line":33,"column":12},"end":{"line":39,"column":null}},"19":{"start":{"line":34,"column":16},"end":{"line":38,"column":null}},"20":{"start":{"line":35,"column":20},"end":{"line":35,"column":null}},"21":{"start":{"line":37,"column":20},"end":{"line":37,"column":null}}},"fnMap":{"0":{"name":"initTemplateManager","decl":{"start":{"line":3,"column":16},"end":{"line":3,"column":36}},"loc":{"start":{"line":3,"column":64},"end":{"line":42,"column":null}},"line":3},"1":{"name":"(anonymous_1)","decl":{"start":{"line":8,"column":56},"end":{"line":8,"column":64}},"loc":{"start":{"line":8,"column":64},"end":{"line":17,"column":5}},"line":8},"2":{"name":"(anonymous_2)","decl":{"start":{"line":9,"column":39},"end":{"line":9,"column":40}},"loc":{"start":{"line":9,"column":46},"end":{"line":16,"column":9}},"line":9},"3":{"name":"(anonymous_3)","decl":{"start":{"line":22,"column":51},"end":{"line":22,"column":52}},"loc":{"start":{"line":22,"column":58},"end":{"line":25,"column":9}},"line":22},"4":{"name":"(anonymous_4)","decl":{"start":{"line":29,"column":12},"end":{"line":29,"column":23}},"loc":{"start":{"line":29,"column":23},"end":{"line":29,"column":null}},"line":29},"5":{"name":"(anonymous_5)","decl":{"start":{"line":30,"column":12},"end":{"line":30,"column":20}},"loc":{"start":{"line":30,"column":20},"end":{"line":30,"column":null}},"line":30},"6":{"name":"(anonymous_6)","decl":{"start":{"line":31,"column":8},"end":{"line":31,"column":20}},"loc":{"start":{"line":31,"column":38},"end":{"line":40,"column":null}},"line":31},"7":{"name":"(anonymous_7)","decl":{"start":{"line":33,"column":64},"end":{"line":33,"column":72}},"loc":{"start":{"line":33,"column":72},"end":{"line":39,"column":13}},"line":33}},"branchMap":{"0":{"loc":{"start":{"line":14,"column":31},"end":{"line":14,"column":57}},"type":"binary-expr","locations":[{"start":{"line":14,"column":31},"end":{"line":14,"column":53}},{"start":{"line":14,"column":53},"end":{"line":14,"column":57}}],"line":14},"1":{"loc":{"start":{"line":21,"column":4},"end":{"line":26,"column":null}},"type":"if","locations":[{"start":{"line":21,"column":4},"end":{"line":26,"column":null}},{"start":{},"end":{}}],"line":21},"2":{"loc":{"start":{"line":34,"column":16},"end":{"line":38,"column":null}},"type":"if","locations":[{"start":{"line":34,"column":16},"end":{"line":38,"column":null}},{"start":{"line":36,"column":23},"end":{"line":38,"column":null}}],"line":34},"3":{"loc":{"start":{"line":34,"column":22},"end":{"line":34,"column":62}},"type":"binary-expr","locations":[{"start":{"line":34,"column":22},"end":{"line":34,"column":58}},{"start":{"line":34,"column":58},"end":{"line":34,"column":62}}],"line":34}},"s":{"0":4,"1":4,"2":4,"3":12,"4":1,"5":1,"6":1,"7":1,"8":1,"9":4,"10":4,"11":4,"12":1,"13":1,"14":4,"15":3,"16":2,"17":1,"18":1,"19":3,"20":1,"21":2},"f":{"0":4,"1":12,"2":1,"3":1,"4":3,"5":2,"6":1,"7":3},"b":{"0":[1,0],"1":[4,0],"2":[1,2],"3":[3,0]},"meta":{"lastBranch":4,"lastFunction":8,"lastStatement":22,"seen":{"f:3:16:3:36":0,"s:4:26:4:Infinity":0,"s:5:27:5:Infinity":1,"s:8:4:17:Infinity":2,"f:8:56:8:64":1,"s:9:8:16:Infinity":3,"f:9:39:9:40":2,"s:10:12:10:Infinity":4,"s:11:27:11:Infinity":5,"s:12:12:12:Infinity":6,"s:14:12:14:Infinity":7,"b:14:31:14:53:14:53:14:57":0,"s:15:12:15:Infinity":8,"s:20:28:20:Infinity":9,"b:21:4:26:Infinity:undefined:undefined:undefined:undefined":1,"s:21:4:26:Infinity":10,"s:22:8:25:Infinity":11,"f:22:51:22:52":3,"s:23:12:23:Infinity":12,"s:24:12:24:Infinity":13,"s:28:4:41:Infinity":14,"f:29:12:29:23":4,"s:29:25:29:49":15,"f:30:12:30:20":5,"s:30:22:30:47":16,"f:31:8:31:20":6,"s:32:12:32:Infinity":17,"s:33:12:39:Infinity":18,"f:33:64:33:72":7,"b:34:16:38:Infinity:36:23:38:Infinity":2,"s:34:16:38:Infinity":19,"b:34:22:34:58:34:58:34:62":3,"s:35:20:35:Infinity":20,"s:37:20:37:Infinity":21}}}
,"/Users/ulises/Developer/Scora-app/src/utils/mathUtils.ts": {"path":"/Users/ulises/Developer/Scora-app/src/utils/mathUtils.ts","statementMap":{"0":{"start":{"line":6,"column":4},"end":{"line":6,"column":null}},"1":{"start":{"line":6,"column":42},"end":{"line":6,"column":null}},"2":{"start":{"line":9,"column":21},"end":{"line":9,"column":null}},"3":{"start":{"line":12,"column":24},"end":{"line":12,"column":null}},"4":{"start":{"line":15,"column":17},"end":{"line":15,"column":null}},"5":{"start":{"line":16,"column":17},"end":{"line":16,"column":null}},"6":{"start":{"line":19,"column":4},"end":{"line":19,"column":null}}},"fnMap":{"0":{"name":"calculateMaxPace","decl":{"start":{"line":5,"column":16},"end":{"line":5,"column":33}},"loc":{"start":{"line":5,"column":81},"end":{"line":20,"column":null}},"line":5}},"branchMap":{"0":{"loc":{"start":{"line":6,"column":4},"end":{"line":6,"column":null}},"type":"if","locations":[{"start":{"line":6,"column":4},"end":{"line":6,"column":null}},{"start":{},"end":{}}],"line":6},"1":{"loc":{"start":{"line":6,"column":8},"end":{"line":6,"column":42}},"type":"binary-expr","locations":[{"start":{"line":6,"column":8},"end":{"line":6,"column":24}},{"start":{"line":6,"column":24},"end":{"line":6,"column":42}}],"line":6}},"s":{"0":1,"1":0,"2":1,"3":1,"4":1,"5":1,"6":1},"f":{"0":1},"b":{"0":[0,1],"1":[1,1]},"meta":{"lastBranch":2,"lastFunction":1,"lastStatement":7,"seen":{"f:5:16:5:33":0,"b:6:4:6:Infinity:undefined:undefined:undefined:undefined":0,"s:6:4:6:Infinity":0,"b:6:8:6:24:6:24:6:42":1,"s:6:42:6:Infinity":1,"s:9:21:9:Infinity":2,"s:12:24:12:Infinity":3,"s:15:17:15:Infinity":4,"s:16:17:16:Infinity":5,"s:19:4:19:Infinity":6}}}
}
